
################################################################################
# SESSION STARTED: 2026-02-14 18:43:20
# COMMAND: .\scrape.py --types moth --new-species
################################################################################

Processing type: moth
[ MainThread               ]  Fetching new species list from https://www.mothsofindia.org/history-of-moth-species-pages-new
[ MainThread               ]  Found 11 missing species
No NEW species added to species.json (Found 11 missing from disk, but they were already in JSON).
Scraping inaturalist.org for moth...
[ MainThread               ]  Starting iNaturalist scraping...
Scraping mothsofindia.org for moth...
[ MainThread               ]      Scraping URL: https://www.mothsofindia.org/abraxas-leucostola
[ MainThread               ]      Scraping URL: https://www.mothsofindia.org/abraxas-sylvata
[ MainThread               ]      Scraping URL: https://www.mothsofindia.org/achrosis-lithosiaria
[ MainThread               ]      Scraping URL: https://www.mothsofindia.org/aedia-acronyctoides
[ MainThread               ]      Scraping URL: https://www.mothsofindia.org/aedia-leucomelas
[ MainThread               ]      Scraping URL: https://www.mothsofindia.org/aemene-taprobanis
[ MainThread               ]      Scraping URL: https://www.mothsofindia.org/agrotis-segetum
[ MainThread               ]      Scraping URL: https://www.mothsofindia.org/agylla-pallens
[ MainThread               ]      Scraping URL: https://www.mothsofindia.org/aiteta-diurna
[ MainThread               ]      Scraping URL: https://www.mothsofindia.org/alsophila-nilgirensis
[ MainThread               ]      Scraping URL: https://www.mothsofindia.org/ammatho-mesortha
[ MainThread               ]      Scraping URL: https://www.mothsofindia.org/amyna-selenampha
[ MainThread               ]      Scraping URL: https://www.mothsofindia.org/ancylolomia-saundersiella
[ MainThread               ]      Scraping URL: https://www.mothsofindia.org/ancylolomia-taprobanensis
[ MainThread               ]      Scraping URL: https://www.mothsofindia.org/anomis-privata
[ MainThread               ]      Scraping URL: https://www.mothsofindia.org/antheraea-mylitta
[ MainThread               ]      Scraping URL: https://www.mothsofindia.org/antheua-exanthemata
[ MainThread               ]      Scraping URL: https://www.mothsofindia.org/antitrygodes-cuneilinea
[ MainThread               ]      Scraping URL: https://www.mothsofindia.org/anuga-lunulata
[ MainThread               ]      Scraping URL: https://www.mothsofindia.org/asota-egens
[ MainThread               ]      Scraping URL: https://www.mothsofindia.org/astygisa-albopunctata
[ MainThread               ]      Scraping URL: https://www.mothsofindia.org/asura-conferta
[ MainThread               ]      Scraping URL: https://www.mothsofindia.org/athetis-thoracica
[ MainThread               ]      Scraping URL: https://www.mothsofindia.org/avatha-bubo
[ MainThread               ]      Scraping URL: https://www.mothsofindia.org/banisia-myrsusalis
[ MainThread               ]      Scraping URL: https://www.mothsofindia.org/barsine-cardinalis
[ MainThread               ]      Scraping URL: https://www.mothsofindia.org/barsine-striata
[ MainThread               ]      Scraping URL: https://www.mothsofindia.org/bastilla-torrida
[ MainThread               ]      Scraping URL: https://www.mothsofindia.org/blenina-donans
[ MainThread               ]      Scraping URL: https://www.mothsofindia.org/bombyx-mori
[ MainThread               ]      Scraping URL: https://www.mothsofindia.org/botyodes-flavibasalis
[ MainThread               ]      Scraping URL: https://www.mothsofindia.org/botyodes-patulalis
[ MainThread               ]      Scraping URL: https://www.mothsofindia.org/bradina-melanoperas
[ MainThread               ]      Scraping URL: https://www.mothsofindia.org/britha-biguttata
[ MainThread               ]      Scraping URL: https://www.mothsofindia.org/cacyparis-insolitata
[ MainThread               ]      Scraping URL: https://www.mothsofindia.org/caligula-simla
[ MainThread               ]      Scraping URL: https://www.mothsofindia.org/calyptra-minuticornis
[ MainThread               ]      Scraping URL: https://www.mothsofindia.org/cania-bilinea
[ MainThread               ]      Scraping URL: https://www.mothsofindia.org/carriola-ecnomoda
[ MainThread               ]      Scraping URL: https://www.mothsofindia.org/catada-prominens
[ MainThread               ]      Scraping URL: https://www.mothsofindia.org/ceira-longipennis
[ MainThread               ]      Scraping URL: https://www.mothsofindia.org/chiasmia-cymatodes
[ MainThread               ]      Scraping URL: https://www.mothsofindia.org/chiasmia-hebesata
[ MainThread               ]      Scraping URL: https://www.mothsofindia.org/chrysodeixis-acuta
[ MainThread               ]      Scraping URL: https://www.mothsofindia.org/cimitra-seclusella
[ MainThread               ]      Scraping URL: https://www.mothsofindia.org/cleora-injectaria
[ MainThread               ]      Scraping URL: https://www.mothsofindia.org/cnaphalocrocis-poeyalis
[ MainThread               ]      Scraping URL: https://www.mothsofindia.org/cnaphalocrocis-ruralis
[ MainThread               ]      Scraping URL: https://www.mothsofindia.org/cosmophila-flava
[ MainThread               ]      Scraping URL: https://www.mothsofindia.org/cotachena-histricalis
[ MainThread               ]      Scraping URL: https://www.mothsofindia.org/creatonotos-gangis
[ MainThread               ]      Scraping URL: https://www.mothsofindia.org/crithote-horridipes
[ MainThread               ]      Scraping URL: https://www.mothsofindia.org/culladia-suffusella
[ MainThread               ]      Scraping URL: https://www.mothsofindia.org/cyana-effracta
[ MainThread               ]      Scraping URL: https://www.mothsofindia.org/cyana-ridleyi
[ MainThread               ]      Scraping URL: https://www.mothsofindia.org/cydalima-conchylalis
[ MainThread               ]      Scraping URL: https://www.mothsofindia.org/dierna-acanthusalis
[ MainThread               ]      Scraping URL: https://www.mothsofindia.org/diplopseustis-perieresalis
[ MainThread               ]      Scraping URL: https://www.mothsofindia.org/dysgonia-arcuata
[ MainThread               ]      Scraping URL: https://www.mothsofindia.org/dysgonia-stuposa
[ MainThread               ]      Scraping URL: https://www.mothsofindia.org/eilema-antica
[ MainThread               ]      Scraping URL: https://www.mothsofindia.org/endothenia-banausopis
[ MainThread               ]      Scraping URL: https://www.mothsofindia.org/endotricha-consocia
[ MainThread               ]      Scraping URL: https://www.mothsofindia.org/endotricha-melanobasis
[ MainThread               ]      Scraping URL: https://www.mothsofindia.org/eoophyla-sejunctalis
[ MainThread               ]      Scraping URL: https://www.mothsofindia.org/eublemma-anachoresis
[ MainThread               ]      Scraping URL: https://www.mothsofindia.org/eublemma-parva
[ MainThread               ]      Scraping URL: https://www.mothsofindia.org/eudocima-cocalus
[ MainThread               ]      Scraping URL: https://www.mothsofindia.org/eupterote-lineosa
[ MainThread               ]      Scraping URL: https://www.mothsofindia.org/eutectona-machaeralis
[ MainThread               ]      Scraping URL: https://www.mothsofindia.org/eutelia-blandiatrix
[ MainThread               ]      Scraping URL: https://www.mothsofindia.org/feliniopsis-indistans
[ MainThread               ]      Scraping URL: https://www.mothsofindia.org/gastropacha-pardale
[ MainThread               ]      Scraping URL: https://www.mothsofindia.org/glaucocharis-tripunctata
[ MainThread               ]      Scraping URL: https://www.mothsofindia.org/glyphodes-onychinalis
[ MainThread               ]      Scraping URL: https://www.mothsofindia.org/hampsonascia-dentifascia
[ MainThread               ]      Scraping URL: https://www.mothsofindia.org/harpyia-longipennis
[ MainThread               ]      Scraping URL: https://www.mothsofindia.org/heliothis-irrorata
[ MainThread               ]      Scraping URL: https://www.mothsofindia.org/herpetogramma-bipunctalis
[ MainThread               ]      Scraping URL: https://www.mothsofindia.org/herpetogramma-nigricornalis
[ MainThread               ]      Scraping URL: https://www.mothsofindia.org/homaloxestis-myeloxesta
[ MainThread               ]      Scraping URL: https://www.mothsofindia.org/hyblaea-puera
[ MainThread               ]      Scraping URL: https://www.mothsofindia.org/hydrillodes-lentalis
[ MainThread               ]      Scraping URL: https://www.mothsofindia.org/hydrillodes-transversalis
[ MainThread               ]      Scraping URL: https://www.mothsofindia.org/hypena-lividalis
[ MainThread               ]      Scraping URL: https://www.mothsofindia.org/hypena-thermesialis
[ MainThread               ]      Scraping URL: https://www.mothsofindia.org/hyphormides-argentipunctata
[ MainThread               ]      Scraping URL: https://www.mothsofindia.org/hypochrosis-hyadaria
[ MainThread               ]      Scraping URL: https://www.mothsofindia.org/hypsopygia-mauritialis
[ MainThread               ]      Scraping URL: https://www.mothsofindia.org/ischnurges-gratiosalis
[ MainThread               ]      Scraping URL: https://www.mothsofindia.org/kunugia-ampla
[ MainThread               ]      Scraping URL: https://www.mothsofindia.org/laelia-testacea
[ MainThread               ]      Scraping URL: https://www.mothsofindia.org/lamprophaia-ablactalis
[ MainThread               ]      Scraping URL: https://www.mothsofindia.org/lemyra-spilosomata
[ MainThread               ]      Scraping URL: https://www.mothsofindia.org/leucinodes-apicalis
[ MainThread               ]      Scraping URL: https://www.mothsofindia.org/lophoptera-squammigera
[ MainThread               ]      Scraping URL: https://www.mothsofindia.org/lyclene-undulosa
[ MainThread               ]      Scraping URL: https://www.mothsofindia.org/macrobrochis-splendens
[ MainThread               ]      Scraping URL: https://www.mothsofindia.org/macroglossum-mitchellii
[ MainThread               ]      Scraping URL: https://www.mothsofindia.org/macroglossum-stellatarum
[ MainThread               ]      Scraping URL: https://www.mothsofindia.org/maliarpha-separatella
[ MainThread               ]      Scraping URL: https://www.mothsofindia.org/maruca-testulalis
[ MainThread               ]      Scraping URL: https://www.mothsofindia.org/melittia-chalciformis
[ MainThread               ]      Scraping URL: https://www.mothsofindia.org/metanastria-aconyta
[ MainThread               ]      Scraping URL: https://www.mothsofindia.org/mythimna-loreyi
[ MainThread               ]      Scraping URL: https://www.mothsofindia.org/mythimna-proleuca
[ MainThread               ]      Scraping URL: https://www.mothsofindia.org/nausinoe-pueritia
[ MainThread               ]      Scraping URL: https://www.mothsofindia.org/nephelomilta-effracta
[ MainThread               ]      Scraping URL: https://www.mothsofindia.org/notarcha-quaternalis
[ MainThread               ]      Scraping URL: https://www.mothsofindia.org/omiodes-analis
[ MainThread               ]      Scraping URL: https://www.mothsofindia.org/omphisa-fuscidentalis
[ MainThread               ]      Scraping URL: https://www.mothsofindia.org/ophiusa-indistincta
[ MainThread               ]      Scraping URL: https://www.mothsofindia.org/ophiusa-triphaenoides
[ MainThread               ]      Scraping URL: https://www.mothsofindia.org/orthospila-orissusalis
[ MainThread               ]      Scraping URL: https://www.mothsofindia.org/ovipennis-insolita
[ MainThread               ]      Scraping URL: https://www.mothsofindia.org/paectes-subapicalis
[ MainThread               ]      Scraping URL: https://www.mothsofindia.org/paliga-damastesalis
[ MainThread               ]      Scraping URL: https://www.mothsofindia.org/palpita-annulifer
[ MainThread               ]      Scraping URL: https://www.mothsofindia.org/parallelia-rigidistria-calefasciens
[ MainThread               ]      Scraping URL: https://www.mothsofindia.org/paraplastis-hampsoni
[ MainThread               ]      Scraping URL: https://www.mothsofindia.org/parasa-herbifera
[ MainThread               ]      Scraping URL: https://www.mothsofindia.org/pardomima-distorta
[ MainThread               ]      Scraping URL: https://www.mothsofindia.org/parotis-marginata
[ MainThread               ]      Scraping URL: https://www.mothsofindia.org/parotis-nilgirica
[ MainThread               ]      Scraping URL: https://www.mothsofindia.org/parotis-suralis
[ MainThread               ]      Scraping URL: https://www.mothsofindia.org/pelagodes-falsaria
[ MainThread               ]      Scraping URL: https://www.mothsofindia.org/pelagodes-quadraria
[ MainThread               ]      Scraping URL: https://www.mothsofindia.org/penicillaria-maculata
[ MainThread               ]      Scraping URL: https://www.mothsofindia.org/phycita-steniella
[ MainThread               ]      Scraping URL: https://www.mothsofindia.org/pilocrocis-milvinalis
[ MainThread               ]      Scraping URL: https://www.mothsofindia.org/platyja-umminea
[ MainThread               ]      Scraping URL: https://www.mothsofindia.org/pleurona-falcata
[ MainThread               ]      Scraping URL: https://www.mothsofindia.org/pleuroptya-balteata
[ MainThread               ]      Scraping URL: https://www.mothsofindia.org/pleuroptya-iopasalis
[ MainThread               ]      Scraping URL: https://www.mothsofindia.org/polygrammodes-pectinicornis
[ MainThread               ]      Scraping URL: https://www.mothsofindia.org/psilogramma-menephron
[ MainThread               ]      Scraping URL: https://www.mothsofindia.org/pygospila-octomaculalis
[ MainThread               ]      Scraping URL: https://www.mothsofindia.org/pyrausta-panopealis
[ MainThread               ]      Scraping URL: https://www.mothsofindia.org/rajendra-perrotteti
[ MainThread               ]      Scraping URL: https://www.mothsofindia.org/rajendra-vittata
[ MainThread               ]      Scraping URL: https://www.mothsofindia.org/saturnia-anna
[ MainThread               ]      Scraping URL: https://www.mothsofindia.org/saturnia-cachara
[ MainThread               ]      Scraping URL: https://www.mothsofindia.org/saturnia-cidosa
[ MainThread               ]      Scraping URL: https://www.mothsofindia.org/saturnia-lesoudieri
[ MainThread               ]      Scraping URL: https://www.mothsofindia.org/saturnia-lindia
[ MainThread               ]      Scraping URL: https://www.mothsofindia.org/saturnia-simla
[ MainThread               ]      Scraping URL: https://www.mothsofindia.org/saturnia-thibeta
[ MainThread               ]      Scraping URL: https://www.mothsofindia.org/sauris-eupithecia
[ MainThread               ]      Scraping URL: https://www.mothsofindia.org/scirpophaga-innotata
[ MainThread               ]      Scraping URL: https://www.mothsofindia.org/scirpophaga-nepalensis
[ MainThread               ]      Scraping URL: https://www.mothsofindia.org/scirpophaga-nivella
[ MainThread               ]      Scraping URL: https://www.mothsofindia.org/serrodes-inara
[ MainThread               ]      Scraping URL: https://www.mothsofindia.org/siccia-maculifascia
[ MainThread               ]      Scraping URL: https://www.mothsofindia.org/spirama-helicina
[ MainThread               ]      Scraping URL: https://www.mothsofindia.org/spirama-indenta
[ MainThread               ]      Scraping URL: https://www.mothsofindia.org/spirama-retorta
[ MainThread               ]      Scraping URL: https://www.mothsofindia.org/spodoptera-littoralis
[ MainThread               ]      Scraping URL: https://www.mothsofindia.org/streblote-dorsalis
[ MainThread               ]      Scraping URL: https://www.mothsofindia.org/syntypistis-fasciata
[ MainThread               ]      Scraping URL: https://www.mothsofindia.org/tatobotys-janapalis
[ MainThread               ]      Scraping URL: https://www.mothsofindia.org/thalassodes-quadraria
[ MainThread               ]      Scraping URL: https://www.mothsofindia.org/theretra-castanea
[ MainThread               ]      Scraping URL: https://www.mothsofindia.org/theretra-latreillii-lucasii
[ MainThread               ]      Scraping URL: https://www.mothsofindia.org/theretra-nessus-nessus
[ MainThread               ]      Scraping URL: https://www.mothsofindia.org/theretra-silhetensis-silhetensis
[ MainThread               ]      Scraping URL: https://www.mothsofindia.org/trigonodes-regalis
[ MainThread               ]      Scraping URL: https://www.mothsofindia.org/utetheisa-lotrix
[ MainThread               ]      Scraping URL: https://www.mothsofindia.org/xanthodes-malvae
[ MainThread               ]      Scraping URL: https://www.mothsofindia.org/zamarada-excisa
[ MainThread               ]      Scraping URL: https://www.mothsofindia.org/zeuzera-indica
