
################################################################################
# SESSION STARTED: 2026-02-14 09:52:55
# COMMAND: train.py -m lepidoptera -v v2 --max-epochs 10
################################################################################

[INFO] Aggregating data for model 'lepidoptera' (types: ['moth', 'butterfly'])...
[INFO] Loaded 4581 valid species from species.json
  - Processing source: inaturalist.org (moth)
  - Processing source: mothsofindia.org (moth)
  - Processing source: inaturalist.org (butterfly)
[INFO] Added 168252 new images to insect-dataset/lepidoptera/data
[WARNING] class abraxas-spp in val not present in data — removed
[WARNING] class abraxas-spp-early in val not present in data — removed
[WARNING] Corrupt: insect-dataset/lepidoptera/data/asota-caricae\Asota%20caricae_1693314811_268043.jpg cannot identify image file 'insect-dataset/lepidoptera/data/asota-caricae\\Asota%20caricae_1693314811_268043.jpg' — deleting
[WARNING] Corrupt: insect-dataset/lepidoptera/data/asota-caricae\Asota%20caricae_1693314812_268044.jpg cannot identify image file 'insect-dataset/lepidoptera/data/asota-caricae\\Asota%20caricae_1693314812_268044.jpg' — deleting
[WARNING] Corrupt: insect-dataset/lepidoptera/data/calonola-argyria\Calonola%20argyria_1700264414_276888.jpg cannot identify image file 'insect-dataset/lepidoptera/data/calonola-argyria\\Calonola%20argyria_1700264414_276888.jpg' — deleting
[WARNING] No images in: insect-dataset/lepidoptera/data/mothsodindia.org — removing directory
[INFO] train set: 317453 images
[WARNING] No images in: insect-dataset/lepidoptera/val/mothsodindia.org — removing directory
[INFO] val set: 11196 images
[INFO] No checkpoint found. Starting fresh training (Iteration 1)...
[INFO] classes: 5663
[INFO] Training started at 2026-02-14 10:46:54
[INFO] Iteration 01 | Epoch 01 | Train      --> 9921/9921 batches | Elapsed time: 01:41:13 | Loss: 2.46 | Acc: 0.559
[INFO] Iteration 01 | Epoch 01 | Val        --> 350/350 batches | Elapsed time: 00:02:42 | Loss: 2.25 | Acc: 0.607
[INFO] Iteration 01 | Epoch 02 | Train      --> 9921/9921 batches | Elapsed time: 01:48:52 | Loss: 0.791 | Acc: 0.793
[INFO] Iteration 01 | Epoch 02 | Val        --> 350/350 batches | Elapsed time: 00:02:38 | Loss: 0.949 | Acc: 0.797
[INFO] Iteration 01 | Epoch 03 | Train      --> 9921/9921 batches | Elapsed time: 01:48:24 | Loss: 0.512 | Acc: 0.85
[INFO] Iteration 01 | Epoch 03 | Val        --> 350/350 batches | Elapsed time: 00:02:53 | Loss: 0.608 | Acc: 0.865
[INFO] Iteration 01 | Epoch 04 | Train      --> 9921/9921 batches | Elapsed time: 01:53:43 | Loss: 0.388 | Acc: 0.877
[INFO] Iteration 01 | Epoch 04 | Val        --> 350/350 batches | Elapsed time: 00:02:49 | Loss: 0.486 | Acc: 0.9
[INFO] Iteration 01 | Epoch 05 | Train      --> 9921/9921 batches | Elapsed time: 01:56:20 | Loss: 1.33 | Acc: 0.702
[INFO] Iteration 01 | Epoch 05 | Val        --> 350/350 batches | Elapsed time: 00:02:38 | Loss: 0.524 | Acc: 0.875
[INFO] Iteration 01 | Epoch 06 | Train      --> 9921/9921 batches | Elapsed time: 01:53:49 | Loss: 1.12 | Acc: 0.742
[INFO] Iteration 01 | Epoch 06 | Val        --> 350/350 batches | Elapsed time: 00:02:55 | Loss: 0.469 | Acc: 0.889
[INFO] Iteration 01 | Epoch 07 | Train      --> 9921/9921 batches | Elapsed time: 02:00:22 | Loss: 1.041 | Acc: 0.758
[INFO] Iteration 01 | Epoch 07 | Val        --> 350/350 batches | Elapsed time: 00:02:41 | Loss: 0.491 | Acc: 0.895
[INFO] Iteration 01 | Epoch 08 | Train      --> 9921/9921 batches | Elapsed time: 01:52:17 | Loss: 0.976 | Acc: 0.772
[INFO] Iteration 01 | Epoch 08 | Val        --> 350/350 batches | Elapsed time: 00:02:41 | Loss: 0.437 | Acc: 0.903
[INFO] Iteration 01 | Epoch 09 | Train      --> 9921/9921 batches | Elapsed time: 01:52:33 | Loss: 0.924 | Acc: 0.783
[INFO] Iteration 01 | Epoch 09 | Val        --> 350/350 batches | Elapsed time: 00:02:41 | Loss: 0.426 | Acc: 0.909
[INFO] Iteration 01 | Epoch 10 | Train      --> 9921/9921 batches | Elapsed time: 01:53:37 | Loss: 0.889 | Acc: 0.789
[INFO] Iteration 01 | Epoch 10 | Val        --> 350/350 batches | Elapsed time: 00:03:03 | Loss: 0.404 | Acc: 0.915

################################################################################
# SESSION STARTED: 2026-02-15 06:41:49
# COMMAND: train.py -m lepidoptera -v v2 --max-epochs 10 --skip-aggregate --skip-validate --cool-down 5
################################################################################

[INFO] Skipping data aggregation...
[INFO] Skipping dataset validation...
[INFO] Auto-detected latest checkpoint: checkpoint.lepidoptera.v2.i01.e10.pth
[INFO] Resuming from checkpoint: insect-dataset/lepidoptera\checkpoint.lepidoptera.v2.i01.e10.pth
[INFO] No new data. Resuming current iteration (i1)...
[INFO] Iteration 01 | Epoch 11 | Train      --> 9921/9921 batches | Elapsed time: 01:55:29 | Loss: 0.862 | Acc: 0.796
[INFO] Iteration 01 | Epoch 11 | Val        --> 350/350 batches | Elapsed time: 00:02:46 | Loss: 0.418 | Acc: 0.915
[INFO] Iteration 01 | Epoch 12 | Train      --> 9921/9921 batches | Elapsed time: 01:53:23 | Loss: 0.830 | Acc: 0.802
[INFO] Iteration 01 | Epoch 12 | Val        --> 350/350 batches | Elapsed time: 00:02:43 | Loss: 0.435 | Acc: 0.919

################################################################################
# SESSION STARTED: 2026-02-15 11:31:33
# COMMAND: train.py -m lepidoptera -v v2 --max-epochs 8 --num-workers 8 --skip-aggregate --skip-validate --cool-down 2
################################################################################

[INFO] Skipping data aggregation...
[INFO] Skipping dataset validation...
[INFO] Auto-detected latest checkpoint: checkpoint.lepidoptera.v2.i01.e12.pth
[INFO] Resuming from checkpoint: insect-dataset/lepidoptera\checkpoint.lepidoptera.v2.i01.e12.pth
[INFO] No new data. Resuming current iteration (i1)...
[INFO] Iteration 01 | Epoch 13 | Train      --> 9921/9921 batches | Elapsed time: 00:52:07 | Loss: 0.806 | Acc: 0.808
[INFO] Iteration 01 | Epoch 13 | Val        --> 350/350 batches | Elapsed time: 00:01:04 | Loss: 0.421 | Acc: 0.919

################################################################################
# SESSION STARTED: 2026-02-15 12:29:08
# COMMAND: train.py -m lepidoptera -v v2 --max-epochs 7 --batch-size 64 --num-workers 8 --skip-aggregate --skip-validate --cool-down 2
################################################################################

[INFO] Skipping data aggregation...
[INFO] Skipping dataset validation...
[INFO] Auto-detected latest checkpoint: checkpoint.lepidoptera.v2.i01.e13.pth
[INFO] Resuming from checkpoint: insect-dataset/lepidoptera\checkpoint.lepidoptera.v2.i01.e13.pth
[INFO] No new data. Resuming current iteration (i1)...
[INFO] Iteration 01 | Epoch 14 | Train      --> 4961/4961 batches | Elapsed time: 00:27:15 | Loss: 0.694 | Acc: 0.832
[INFO] Iteration 01 | Epoch 14 | Val        --> 175/175 batches | Elapsed time: 00:00:51 | Loss: 0.387 | Acc: 0.930
[INFO] Iteration 01 | Epoch 15 | Train      --> 4961/4961 batches | Elapsed time: 00:27:13 | Loss: 0.677 | Acc: 0.836
[INFO] Iteration 01 | Epoch 15 | Val        --> 175/175 batches | Elapsed time: 00:00:51 | Loss: 0.386 | Acc: 0.930
[INFO] Iteration 01 | Epoch 16 | Train      --> 4961/4961 batches | Elapsed time: 00:27:14 | Loss: 0.658 | Acc: 0.840
[INFO] Iteration 01 | Epoch 16 | Val        --> 175/175 batches | Elapsed time: 00:00:51 | Loss: 0.387 | Acc: 0.931
[INFO] Iteration 01 | Epoch 17 | Train      --> 4961/4961 batches | Elapsed time: 00:27:13 | Loss: 0.643 | Acc: 0.844
[INFO] Iteration 01 | Epoch 17 | Val        --> 175/175 batches | Elapsed time: 00:00:51 | Loss: 0.384 | Acc: 0.931
[INFO] Iteration 01 | Epoch 18 | Train      --> 4961/4961 batches | Elapsed time: 00:27:15 | Loss: 0.634 | Acc: 0.846
[INFO] Iteration 01 | Epoch 18 | Val        --> 175/175 batches | Elapsed time: 00:00:51 | Loss: 0.410 | Acc: 0.929
[INFO] Iteration 01 | Epoch 19 | Train      --> 4961/4961 batches | Elapsed time: 00:27:30 | Loss: 0.619 | Acc: 0.849
[INFO] Iteration 01 | Epoch 19 | Val        --> 175/175 batches | Elapsed time: 00:00:58 | Loss: 0.365 | Acc: 0.937
[INFO] Iteration 01 | Epoch 20 | Train      --> 4961/4961 batches | Elapsed time: 00:27:12 | Loss: 0.609 | Acc: 0.850
[INFO] Iteration 01 | Epoch 20 | Val        --> 175/175 batches | Elapsed time: 00:00:50 | Loss: 0.359 | Acc: 0.935
